------------------------------------------------------
Started: 2025-01-26 07:06:52.414832
Existing_entries: 0
Fetching from https://rsshub.app/fastbull/news
Append: [德国：如何让经济再次伟大](https://www.fastbull.com/cn/news-detail/4318743_1)
Append: [“懂王”上任首周表现出冷静与克制，全球股市如释重负般起舞](https://www.fastbull.com/cn/news-detail/4318811_1)
Append: [美元崩跌，欧元英镑齐飞！下周外汇市场会否再现惊天逆转？](https://www.fastbull.com/cn/news-detail/4318810_1)
Append: [镍：过剩格局加剧，2025年路在何方](https://www.fastbull.com/cn/news-detail/4318498_1)
Append: [东南亚处在特朗普关税2.0的十字路口](https://www.fastbull.com/cn/news-detail/4318670_1)
Append: [特朗普干预美联储，对美元意味着什么？](https://www.fastbull.com/cn/news-detail/4318804_1)
Append: [新sec“第一把火”：为美国金融机构持有加密货币打开大门](https://www.fastbull.com/cn/news-detail/4318803_1)
Append: [生柴贸易争端印尼大胜，棕榈油短期仍然比较“牛”](https://www.fastbull.com/cn/institution-article/4318664_1)
Append: [和主流唱反调？华尔街知名大佬：美股今年或回调并跑输全球](https://www.fastbull.com/cn/news-detail/4318802_1)
Append: [2025 年可能成为印度经济发展的转折点](https://www.fastbull.com/cn/news-detail/4318373_1)
Append: [多国股市新高后回撤！“小众”市场怎么看？](https://www.fastbull.com/cn/news-detail/4318801_1)
Append: [三大指数集体调整，市场分化显著](https://www.fastbull.com/cn/news-detail/4318494_1)
Append: [2024年增持超350亿元，外资缘何青睐银行股？](https://www.fastbull.com/cn/news-detail/4318671_1)
Append: [美国消费者信心指数六个月来首次下滑，关税与失业担忧成主因](https://www.fastbull.com/cn/news-detail/4318797_1)
Append: [创业板涨势强劲，科技股开始“抢跑”](https://www.fastbull.com/cn/news-detail/4318385_1)
Append: [驾驭欧洲能源格局中的不确定性](https://www.fastbull.com/cn/news-detail/4318651_1)
Append: [欧洲政要向特朗普提议共建“经济版北约”](https://www.fastbull.com/cn/news-detail/4318649_1)
Append: [美国新总统就职，机构疯狂买入](https://www.fastbull.com/cn/news-detail/4318381_1)
Append: [中国的丰田和特斯拉何时诞生？](https://www.fastbull.com/cn/news-detail/4318646_1)
Append: [特朗普说到做到！美国已开始动用军用飞机大规模驱逐移民](https://www.fastbull.com/cn/news-detail/4318796_1)
Append: [IMF将2025年中国经济增长预期上调至4.6％](https://www.fastbull.com/cn/news-detail/4318370_1)
Append: [美国进入能源紧急状态，油价因增产预期高位回落](https://www.fastbull.com/cn/institution-article/4318746_1)
Append: [特朗普经济新政，将导致通胀](https://www.fastbull.com/cn/news-detail/4318642_1)
Append: [美国股市大赚特赚的时代该落幕了，2025年别期待太高](https://www.fastbull.com/cn/news-detail/4318478_1)
Append: [大宗商品价格全“乱套”？2025年首季定价权争夺战将打响！](https://www.fastbull.com/cn/institution-article/4318745_1)
Append: [美国二手房销售持续低迷 ，2024年跌至近30年来低点](https://www.fastbull.com/cn/news-detail/4318795_1)
Append: [日本房地产的30年河东和30年河西](https://www.fastbull.com/cn/news-detail/4318744_1)
Append: [欧盟在中美和美俄之间进退两难](https://www.fastbull.com/cn/news-detail/4318750_1)
Append: [经济前景符合预期将继续加息，特朗普关税政策尚不明朗](https://www.fastbull.com/cn/news-detail/4318765_1)
Append: [半数以上美国企业2025年将增加在华投资](https://www.fastbull.com/cn/news-detail/4318754_1)
Append: [为特朗普第三任期铺路？美众议员提议修宪](https://www.fastbull.com/cn/news-detail/4318764_1)
Append: [从达沃斯论坛看世界经济的“变”与“不变”](https://www.fastbull.com/cn/news-detail/4318759_1)
Append: [特朗普5000亿美元的AI项目，穿过“星际之门”是什么？](https://www.fastbull.com/cn/news-detail/4318714_1)
Append: [日本加息，美元兑日元短线剧烈震荡！](https://www.fastbull.com/cn/news-detail/4318763_1)
Append: [染指格陵兰、巴拿马，特朗普的扩张野心不藏了？](https://www.fastbull.com/cn/news-detail/4318725_1)
Append: [随着PMI的公布，欧元/美元能突破1.06吗？](https://www.fastbull.com/cn/news-detail/4318762_1)
Append: [特朗普转向化石燃料而欧洲加速推进可再生能源](https://www.fastbull.com/cn/news-detail/4318711_1)
Append: [日本利率能否继续正常化，要看石破茂和特朗普谈得怎么样](https://www.fastbull.com/cn/news-detail/4318740_1)
Append: [特朗普讲话后，汇市、债市、能源市场会怎么走？](https://www.fastbull.com/cn/news-detail/4318737_1)
Append: [市场怀疑特朗普关税力度，美元不会继续走强？](https://www.fastbull.com/cn/news-detail/4318708_1)
Append: [万亿级增量资金在路上，A股长期牛市指日可待? 华尔街憧憬三年内13万亿入市](https://www.fastbull.com/cn/news-detail/4318729_1)
Append: [特朗普又让美国退出了《巴黎协定》，这次世界应能更从容应对](https://www.fastbull.com/cn/news-detail/4318702_1)
Append: [日本央行的重大变化，植田和男将减少“戏剧性”！](https://www.fastbull.com/cn/news-detail/4318721_1)
Append: [特朗普公开评论美联储政策，要求利率立即下降](https://www.fastbull.com/cn/news-detail/4318720_1)
Append: [美股上扬，受总统特朗普于达沃斯的发言支持](https://www.fastbull.com/cn/institution-article/4318706_1)
Append: [韩国电池巨头三年来首度季度亏损，警告特朗普新政将打击需求](https://www.fastbull.com/cn/news-detail/4318698_1)
Append: [加沙战事暂停，约旦河西岸为何又被以色列瞄上？](https://www.fastbull.com/cn/news-detail/4318688_1)
Append: [随着看涨压力减弱，XRP面临下跌20%的风险](https://www.fastbull.com/cn/news-detail/4318657_1)
Append: [多举措蓄势待发，财政货币政策发力稳股市](https://www.fastbull.com/cn/news-detail/4318696_1)
Append: [马斯克挑起富豪争宠泥浆战，特朗普坐收5000亿渔翁之利](https://www.fastbull.com/cn/news-detail/4318690_1)
Append: [美联储降息预期推动金价多头保持数月高位附近的控制](https://www.fastbull.com/cn/news-detail/4318672_1)
Append: [特朗普达沃斯演讲：压油价、降利率、再挥关税“大棒”](https://www.fastbull.com/cn/news-detail/4318683_1)
Append: [澳大利亚1月PMI：经济复苏迹象渐显，私人部门活动呈更多动能](https://www.fastbull.com/cn/news-detail/4318677_1)
Append: [新加坡金管局近五年首次放松货币政策，下调今年核心通胀预期](https://www.fastbull.com/cn/news-detail/4318684_1)
Append: [突迎积极因素！人民币三大突发](https://www.fastbull.com/cn/news-detail/4318679_1)
Append: [日本央行2025年首次加息，目标利率升至0.50%](https://www.fastbull.com/cn/news-detail/4318674_1)
Append: [克里姆林宫冷对特朗普的关税威胁：没什么新意](https://www.fastbull.com/cn/news-detail/4318673_1)
Append: [中国1月MLF连六个月缩量续做，投标利率区间下调或在为MLF降息准备](https://www.fastbull.com/cn/news-detail/4318669_1)
Append: [日本央行“鹰派”加息、上调通胀预测，日元应声拉升](https://www.fastbull.com/cn/news-detail/4318667_1)
Append: [SEC撤销禁止银行托管加密货币的有争议的规定](https://www.fastbull.com/cn/news-detail/4318652_1)
Append: [巴塞尔协议III的“终局”争议：特朗普能否“松绑”美国银行业？](https://www.fastbull.com/cn/news-detail/4318658_1)
Append: [日本央行对市场充满信心，十八年来最大幅度加息](https://www.fastbull.com/cn/news-detail/4318666_1)
Append: [日本12月CPI：通胀数据支持央行加息预期](https://www.fastbull.com/cn/newsdetail/4318662_1)
Append: [新加坡金管局近五年来首次放松货币政策，下调核心通胀预期](https://www.fastbull.com/cn/news-detail/4318653_1)
Append: [日本利率决议全文：加息25bp后实际利率仍为负，将继续调整](https://www.fastbull.com/cn/news-detail/4318659_1)
Append: [欧元/美元继续横盘整理，市场寻求突破](https://www.fastbull.com/cn/news-detail/4318650_1)
Append: [特朗普对中国的乐观态度推动澳元走强](https://www.fastbull.com/cn/news-detail/4318648_1)
Append: [CBOT持仓变动揭示市场情绪！大豆玉米小麦能否延续涨势？豆油豆粕多空交织的交易机会如何把握？](https://www.fastbull.com/cn/news-detail/4318654_1)
Append: [随着焦点转向美国PMI数据，黄金有望进一步上涨](https://www.fastbull.com/cn/news-detail/4318645_1)
Append: [韩国经济2024年增长2%，经济下行风险持续](https://www.fastbull.com/cn/news-detail/4318640_1)
Append: [学特朗普！阿根廷总统米莱也在考虑退出《巴黎协定》](https://www.fastbull.com/cn/news-detail/4318647_1)
Append: [美国5000亿美元AI投资计划引发市场争议](https://www.fastbull.com/cn/news-detail/4318643_1)
Append: [交易员等待备受期待的日本央行决定，日元走低](https://www.fastbull.com/cn/news-detail/4318641_1)
Append: [日央行加息再获数据支持！日本12月核心通胀率升至3%](https://www.fastbull.com/cn/news-detail/4318636_1)
Append: [承诺兑现时刻！特朗普签署加密货币行政命令，监管框架与立法努力指日可待？](https://www.fastbull.com/cn/news-detail/4318634_1)
append_entries: 75
Finish: 2025-01-26 07:06:52.668216
------------------------------------------------------
Started: 2025-01-26 07:18:23.370741
Existing_entries: 75
Fetching from https://rsshub.app/fastbull/news
append_entries: 0
Finish: 2025-01-26 07:18:23.595738
------------------------------------------------------
Started: 2025-01-26 07:30:15.558884
Existing_entries: 75
Fetching from https://rsshub.app/fastbull/news
append_entries: 0
Finish: 2025-01-26 07:30:15.920032
------------------------------------------------------
Started: 2025-01-26 07:50:06.673028
Existing_entries: 75
Fetching from https://rsshub.app/fastbull/news
append_entries: 0
Finish: 2025-01-26 07:50:06.859134
------------------------------------------------------
Started: 2025-01-26 08:19:23.945712
Existing_entries: 75
Fetching from https://rsshub.app/fastbull/news
append_entries: 0
Finish: 2025-01-26 08:19:24.129362
------------------------------------------------------
Started: 2025-01-26 08:30:56.271219
Existing_entries: 75
Fetching from https://rsshub.app/fastbull/news
append_entries: 0
Finish: 2025-01-26 08:30:56.477482
------------------------------------------------------
Started: 2025-01-26 08:41:30.019748
Existing_entries: 75
Fetching from https://rsshub.app/fastbull/news
append_entries: 0
Finish: 2025-01-26 08:41:30.238218
------------------------------------------------------
Started: 2025-01-26 08:53:17.639714
Existing_entries: 75
Fetching from https://rsshub.app/fastbull/news
append_entries: 0
Finish: 2025-01-26 08:53:17.827443
