------------------------------------------------------
Started: 2025-01-26 07:06:48.734247
Existing_entries: 0
Fetching from https://rsshub.app/xueqiu/today
Append: [大盘依然在水深火热的苦海中挣扎，任何对前期超跌股的快速反弹的追高买入都是跟自己钱包过不去。锂矿股、医药股和白酒股是样板。被认为抱团取暖的红利股在资产荒...](https://xueqiu.com/1344684945/304852080)
Append: [遥想以前，玩过的股票，拍卖股权的曙光，大家吹百威来的西发，结果都是类似自己整自己，不及预期的投资人，市场第二天就是用脚投票，今天，有几个投资人出来了，...](https://xueqiu.com/7386319438/304850915)
Append: [$恒生指数(HKHSI)$ 为什么中秋节当天香港同胞不放假，中秋节翌日港股却要休市？翻开香港月历，可见一般节日放假都是放翌日（也就是正日的第二天），中秋节也不例...](https://xueqiu.com/1163141813/304846984)
Append: [伯克希尔从不分红，所以不分红、少分红的是好公司？](https://xueqiu.com/1490292536/304846886)
Append: [A股的主要矛盾是啥我都说了几年了，还有人在这儿心存幻想，甚至YY发财。昨天看的新剧凡人歌主人公自己炒股80万亏到50万做了菜人被吃掉30万，割肉换了宝马，但手...](https://xueqiu.com/7212034161/304845099)
Append: [2700点别死扛了！不破不立，与其钝刀割肉阴跌，不如痛快放量大跌，跌破了抄底资金才敢入场！今天开盘中特估，高股息，银行，煤炭明显的强势，资金再度防御避险，...](https://xueqiu.com/3970845557/304844796)
Append: [$巨化股份(SH600160)$ 毛姑姑拍脑袋，Q3均价在26.5左右，利润在6-7亿，Q4均价在28.5左右，利润在7.5-8.5，那么全年应该在22-24左右。不要问怎么算的，就拍脑袋。...](https://xueqiu.com/3577914518/304843991)
Append: [股市不相信眼泪](https://xueqiu.com/8793946013/304843536)
Append: [港股REITs入通机会简析](https://xueqiu.com/2806756674/304835697)
Append: [缺钱的时候太渴望暴富，这种心态下极难盈利，因为你5万翻一倍也才赚5万，根本就不够。事实上两年翻一倍已经非常厉害了。所以你应该先积累本金。我没有从5万炒成...](https://xueqiu.com/1461471898/304831160)
Append: [万科近2年开业商业项目一览表(数据)](https://xueqiu.com/1658910475/304825893)
Append: [前一段时间，市场炒作过一段时间短剧，当时觉得是对影视股的利好。只是我也没看过。这段时间刷出了一些短剧，然后持续的刷了出来。真心被吓到了，剧情各种无脑反...](https://xueqiu.com/9508203182/304823602)
Append: [白酒这次应该是不错的机会。有些公司的股息率竟然已经高达7%，例如洋河股份。那些小公司，如舍得和酒鬼可能还存在一些不确定。但一线白酒的确定性还是蛮高的。到...](https://xueqiu.com/1288129775/304823279)
Append: [打造一个睡后收入26万的组合](https://xueqiu.com/9832547066/304822369)
Append: [超材料：开辟全新路径，实现“完美”隐身](https://xueqiu.com/7754799211/304810017)
Append: [$欧派家居(SH603833)$ $泸州老窖(SZ000568)$ 今年中秋，在老家，走访了几个熟悉的烟酒店和水果店，反馈的是今年生意差到飞起来（当然只代表一小部分而已），要是...](https://xueqiu.com/1499679172/304795148)
append_entries: 16
Finish: 2025-01-26 07:06:52.414646
------------------------------------------------------
Started: 2025-01-26 07:17:52.953894
Existing_entries: 16
Fetching from https://rsshub.app/xueqiu/today
Fetch error: HTTPSConnectionPool(host='rsshub.app', port=443): Read timed out. (read timeout=30)
Fetch failed from https://rsshub.app/xueqiu/today
append_entries: 0
error when rendering xml, skip docs/xueqiu-hot
------------------------------------------------------
Started: 2025-01-26 07:29:45.367503
Existing_entries: 16
Fetching from https://rsshub.app/xueqiu/today
Fetch error: HTTPSConnectionPool(host='rsshub.app', port=443): Read timed out. (read timeout=30)
Fetch failed from https://rsshub.app/xueqiu/today
append_entries: 0
error when rendering xml, skip docs/xueqiu-hot
